<?xml version="1.0" encoding="UTF-8"?>
<testng-results ignored="0" total="3" passed="3" failed="0" skipped="0">
  <reporter-output>
  </reporter-output>
  <suite started-at="2022-01-03T17:46:07 IST" name="Default suite" finished-at="2022-01-03T17:46:08 IST" duration-ms="693">
    <groups>
      <group name="cucumber">
        <method signature="AbstractTestNGCucumberTests.runScenario(io.cucumber.testng.PickleWrapper,io.cucumber.testng.FeatureWrapper)[pri:0, instance:testRunner.MobileTVTestRunner@47d9a273]" name="runScenario" class="io.cucumber.testng.AbstractTestNGCucumberTests"/>
      </group> <!-- cucumber -->
    </groups>
    <test started-at="2022-01-03T17:46:07 IST" name="Default test" finished-at="2022-01-03T17:46:08 IST" duration-ms="693">
      <class name="testRunner.MobileTVTestRunner">
        <test-method is-config="true" signature="setUpClass(org.testng.ITestContext)[pri:0, instance:testRunner.MobileTVTestRunner@47d9a273]" started-at="2022-01-03T17:46:07 IST" name="setUpClass" finished-at="2022-01-03T17:46:07 IST" duration-ms="376" status="PASS">
          <params>
            <param index="0">
              <value>
                <![CDATA[org.testng.TestRunner@354fc8f0]]>
              </value>
            </param>
          </params>
          <reporter-output>
          </reporter-output>
        </test-method> <!-- setUpClass -->
        <test-method signature="runScenario(io.cucumber.testng.PickleWrapper,io.cucumber.testng.FeatureWrapper)[pri:0, instance:testRunner.MobileTVTestRunner@47d9a273]" started-at="2022-01-03T17:46:07 IST" name="runScenario" description="Runs Cucumber Scenarios" data-provider="scenarios" finished-at="2022-01-03T17:46:08 IST" duration-ms="197" status="PASS">
          <params>
            <param index="0">
              <value>
                <![CDATA["Searching for Samsung mobile"]]>
              </value>
            </param>
            <param index="1">
              <value>
                <![CDATA["Optional[search for Samsung mobile and TV]"]]>
              </value>
            </param>
          </params>
          <reporter-output>
          </reporter-output>
        </test-method> <!-- runScenario -->
        <test-method signature="runScenario(io.cucumber.testng.PickleWrapper,io.cucumber.testng.FeatureWrapper)[pri:0, instance:testRunner.MobileTVTestRunner@47d9a273]" started-at="2022-01-03T17:46:08 IST" name="runScenario" description="Runs Cucumber Scenarios" data-provider="scenarios" finished-at="2022-01-03T17:46:08 IST" duration-ms="26" status="PASS">
          <params>
            <param index="0">
              <value>
                <![CDATA["Searching for Redmi Tv"]]>
              </value>
            </param>
            <param index="1">
              <value>
                <![CDATA["Optional[search for Samsung mobile and TV]"]]>
              </value>
            </param>
          </params>
          <reporter-output>
          </reporter-output>
        </test-method> <!-- runScenario -->
        <test-method signature="runScenario(io.cucumber.testng.PickleWrapper,io.cucumber.testng.FeatureWrapper)[pri:0, instance:testRunner.MobileTVTestRunner@47d9a273]" started-at="2022-01-03T17:46:08 IST" name="runScenario" description="Runs Cucumber Scenarios" data-provider="scenarios" finished-at="2022-01-03T17:46:08 IST" duration-ms="19" status="PASS">
          <params>
            <param index="0">
              <value>
                <![CDATA["Searching for Oppo Phn"]]>
              </value>
            </param>
            <param index="1">
              <value>
                <![CDATA["Optional[search for Samsung mobile and TV]"]]>
              </value>
            </param>
          </params>
          <reporter-output>
          </reporter-output>
        </test-method> <!-- runScenario -->
        <test-method is-config="true" signature="tearDownClass()[pri:0, instance:testRunner.MobileTVTestRunner@47d9a273]" started-at="2022-01-03T17:46:08 IST" name="tearDownClass" finished-at="2022-01-03T17:46:08 IST" duration-ms="16" status="PASS">
          <reporter-output>
          </reporter-output>
        </test-method> <!-- tearDownClass -->
      </class> <!-- testRunner.MobileTVTestRunner -->
    </test> <!-- Default test -->
  </suite> <!-- Default suite -->
</testng-results>
